<?xml version="1.0" encoding="UTF-8"?>
<!-- Generated by org.testng.reporters.JUnitXMLReporter -->
<testsuite ignored="0" hostname="Reshma" failures="0" tests="5" name="Test1" time="20.96" errors="0" timestamp="2025-03-04T10:58:40 IST">
  <testcase classname="testscript.LoginTest" name="verifyUserLoginWithValidUsernameAndInValidPassword" time="1.589"/>
  <testcase classname="testscript.HomeTest" name="verifyUserAbleToLogout" time="2.612"/>
  <testcase classname="testscript.LoginTest" name="verifyUserLoginWithInValidUsernameAndValidPassword" time="0.852"/>
  <testcase classname="testscript.LoginTest" name="verifyUserLoginWithInValidUsernameAndInValidPassword" time="0.629"/>
  <testcase classname="testscript.LoginTest" name="verifyUserLoginWithValidUsernameAndValidPassword" time="1.093"/>
</testsuite> <!-- Test1 -->
