<?xml version="1.0" encoding="UTF-8"?>
<testng-results ignored="0" total="1" passed="1" failed="0" skipped="0">
  <reporter-output>
  </reporter-output>
  <suite started-at="2025-03-06T18:41:21 IST" name="Suite" finished-at="2025-03-06T18:41:31 IST" duration-ms="10721">
    <groups>
    </groups>
    <test started-at="2025-03-06T18:41:21 IST" name="Test" finished-at="2025-03-06T18:41:31 IST" duration-ms="10721">
      <class name="testscript.AdminUserTest">
        <test-method is-config="true" signature="initializeBrowser(java.lang.String)[pri:0, instance:testscript.AdminUserTest@7eecb5b8]" started-at="2025-03-06T18:41:21 IST" name="initializeBrowser" finished-at="2025-03-06T18:41:26 IST" duration-ms="5592" status="PASS">
          <params>
            <param index="0">
              <value>
                <![CDATA[chrome]]>
              </value>
            </param>
          </params>
          <reporter-output>
          </reporter-output>
        </test-method> <!-- initializeBrowser -->
        <test-method signature="VerifyUserCanAddNewAdminUser()[pri:1, instance:testscript.AdminUserTest@7eecb5b8]" started-at="2025-03-06T18:41:26 IST" name="VerifyUserCanAddNewAdminUser" description="Add new user to the admin usr page" finished-at="2025-03-06T18:41:31 IST" duration-ms="4736" status="PASS">
          <reporter-output>
          </reporter-output>
        </test-method> <!-- VerifyUserCanAddNewAdminUser -->
        <test-method is-config="true" signature="driverQuit(org.testng.ITestResult)[pri:0, instance:testscript.AdminUserTest@7eecb5b8]" started-at="2025-03-06T18:41:31 IST" name="driverQuit" finished-at="2025-03-06T18:41:31 IST" duration-ms="316" status="PASS">
          <params>
            <param index="0">
              <value>
                <![CDATA[[TestResult name=VerifyUserCanAddNewAdminUser status=SUCCESS method=AdminUserTest.VerifyUserCanAddNewAdminUser()[pri:1, instance:testscript.AdminUserTest@7eecb5b8] output={null}]]]>
              </value>
            </param>
          </params>
          <reporter-output>
          </reporter-output>
        </test-method> <!-- driverQuit -->
      </class> <!-- testscript.AdminUserTest -->
    </test> <!-- Test -->
  </suite> <!-- Suite -->
</testng-results>
