<?xml version="1.0" encoding="UTF-8"?>
<testng-results ignored="0" total="2" passed="2" failed="0" skipped="0">
  <reporter-output>
  </reporter-output>
  <suite started-at="2025-03-05T19:14:22 IST" name="Suite" finished-at="2025-03-05T19:14:42 IST" duration-ms="20949">
    <groups>
      <group name="smoke">
        <method signature="LoginTest.verifyUserLoginWithValidUsernameAndValidPassword()[pri:4, instance:testscript.LoginTest@367ffa75]" name="verifyUserLoginWithValidUsernameAndValidPassword" class="testscript.LoginTest"/>
        <method signature="LoginTest.verifyUserLoginWithValidUsernameAndValidPassword()[pri:4, instance:testscript.LoginTest@15ca7889]" name="verifyUserLoginWithValidUsernameAndValidPassword" class="testscript.LoginTest"/>
      </group> <!-- smoke -->
    </groups>
    <test started-at="2025-03-05T19:14:22 IST" name="TestChrome" finished-at="2025-03-05T19:14:29 IST" duration-ms="7380">
      <class name="testscript.LoginTest">
        <test-method is-config="true" signature="initializeBrowser(java.lang.String)[pri:0, instance:testscript.LoginTest@367ffa75]" started-at="2025-03-05T19:14:22 IST" name="initializeBrowser" finished-at="2025-03-05T19:14:27 IST" duration-ms="5166" status="PASS">
          <params>
            <param index="0">
              <value>
                <![CDATA[chrome]]>
              </value>
            </param>
          </params>
          <reporter-output>
          </reporter-output>
        </test-method> <!-- initializeBrowser -->
        <test-method signature="verifyUserLoginWithValidUsernameAndValidPassword()[pri:4, instance:testscript.LoginTest@367ffa75]" started-at="2025-03-05T19:14:27 IST" name="verifyUserLoginWithValidUsernameAndValidPassword" description="Verification of user login with valid credentials" finished-at="2025-03-05T19:14:29 IST" duration-ms="1874" status="PASS">
          <reporter-output>
          </reporter-output>
        </test-method> <!-- verifyUserLoginWithValidUsernameAndValidPassword -->
        <test-method is-config="true" signature="driverQuit(org.testng.ITestResult)[pri:0, instance:testscript.LoginTest@367ffa75]" started-at="2025-03-05T19:14:29 IST" name="driverQuit" finished-at="2025-03-05T19:14:29 IST" duration-ms="270" status="PASS">
          <params>
            <param index="0">
              <value>
                <![CDATA[[TestResult name=verifyUserLoginWithValidUsernameAndValidPassword status=SUCCESS method=LoginTest.verifyUserLoginWithValidUsernameAndValidPassword()[pri:4, instance:testscript.LoginTest@367ffa75] output={null}]]]>
              </value>
            </param>
          </params>
          <reporter-output>
          </reporter-output>
        </test-method> <!-- driverQuit -->
      </class> <!-- testscript.LoginTest -->
    </test> <!-- TestChrome -->
    <test started-at="2025-03-05T19:14:29 IST" name="TestEdge" finished-at="2025-03-05T19:14:42 IST" duration-ms="13539">
      <class name="testscript.LoginTest">
        <test-method is-config="true" signature="initializeBrowser(java.lang.String)[pri:0, instance:testscript.LoginTest@15ca7889]" started-at="2025-03-05T19:14:29 IST" name="initializeBrowser" finished-at="2025-03-05T19:14:39 IST" duration-ms="10472" status="PASS">
          <params>
            <param index="0">
              <value>
                <![CDATA[edge]]>
              </value>
            </param>
          </params>
          <reporter-output>
          </reporter-output>
        </test-method> <!-- initializeBrowser -->
        <test-method signature="verifyUserLoginWithValidUsernameAndValidPassword()[pri:4, instance:testscript.LoginTest@15ca7889]" started-at="2025-03-05T19:14:39 IST" name="verifyUserLoginWithValidUsernameAndValidPassword" description="Verification of user login with valid credentials" finished-at="2025-03-05T19:14:41 IST" duration-ms="1691" status="PASS">
          <reporter-output>
          </reporter-output>
        </test-method> <!-- verifyUserLoginWithValidUsernameAndValidPassword -->
        <test-method is-config="true" signature="driverQuit(org.testng.ITestResult)[pri:0, instance:testscript.LoginTest@15ca7889]" started-at="2025-03-05T19:14:41 IST" name="driverQuit" finished-at="2025-03-05T19:14:42 IST" duration-ms="1366" status="PASS">
          <params>
            <param index="0">
              <value>
                <![CDATA[[TestResult name=verifyUserLoginWithValidUsernameAndValidPassword status=SUCCESS method=LoginTest.verifyUserLoginWithValidUsernameAndValidPassword()[pri:4, instance:testscript.LoginTest@15ca7889] output={null}]]]>
              </value>
            </param>
          </params>
          <reporter-output>
          </reporter-output>
        </test-method> <!-- driverQuit -->
      </class> <!-- testscript.LoginTest -->
    </test> <!-- TestEdge -->
  </suite> <!-- Suite -->
</testng-results>
