<?xml version="1.0" encoding="UTF-8"?>
<!-- Generated by org.testng.reporters.JUnitXMLReporter -->
<testsuite ignored="3" hostname="Reshma" failures="0" tests="1" name="TestChrome" time="7.38" errors="0" timestamp="2025-03-05T19:14:29 IST">
  <testcase classname="testscript.LoginTest" name="verifyUserLoginWithValidUsernameAndValidPassword" time="1.874"/>
  <testcase classname="testscript.LoginTest" name="verifyUserLoginWithInValidUsernameAndInValidPassword" time="0.0">
    <ignored/>
  </testcase> <!-- verifyUserLoginWithInValidUsernameAndInValidPassword -->
  <testcase classname="testscript.LoginTest" name="verifyUserLoginWithValidUsernameAndInValidPassword" time="0.0">
    <ignored/>
  </testcase> <!-- verifyUserLoginWithValidUsernameAndInValidPassword -->
  <testcase classname="testscript.LoginTest" name="verifyUserLoginWithInValidUsernameAndValidPassword" time="0.0">
    <ignored/>
  </testcase> <!-- verifyUserLoginWithInValidUsernameAndValidPassword -->
</testsuite> <!-- TestChrome -->
